<?xml version="1.0" encoding="UTF-8"?>
<!-- Generated by org.testng.reporters.JUnitReportReporter -->
<testsuite hostname="Andrew" name="Shalnev_Andrew.LoginTest" tests="1" failures="0" timestamp="23 Feb 2016 23:17:21 GMT" time="14.054" errors="0">
  <testcase name="testUntitled" time="14.054" classname="Shalnev_Andrew.LoginTest"/>
</testsuite> <!-- Shalnev_Andrew.LoginTest -->
