<?xml version="1.0" encoding="UTF-8"?>
<!-- Generated by org.testng.reporters.JUnitReportReporter -->
<testsuite hostname="Andrew" name="Shalnev_Andrew.HomePageTest" tests="2" failures="0" timestamp="23 Feb 2016 23:10:44 GMT" time="0.133" errors="0">
  <testcase name="testH1Existing" time="0.117" classname="Shalnev_Andrew.HomePageTest"/>
  <testcase name="test2" time="0.016" classname="Shalnev_Andrew.HomePageTest"/>
</testsuite> <!-- Shalnev_Andrew.HomePageTest -->
